Using pre-set license
Built from '2022.1/staging' branch; Version is '2022.1.16f1 (7321c9670bc2) revision 7545289'; Using compiler version '192829333'; Build Type 'Release'
OS: 'Windows 10  (10.0.19045) 64bit Core' Language: 'en' Physical Memory: 16309 MB
BatchMode: 1, IsHumanControllingUs: 0, StartBugReporterOnCrash: 0, Is64bit: 1, IsPro: 1

COMMAND LINE ARGUMENTS:
C:\Program Files\Unity\Hub\Editor\2022.1.16f1\Editor\Unity.exe
-adb2
-batchMode
-noUpm
-name
AssetImportWorker0
-projectPath
C:/Users/epicg/Documents/GitHub/ChristmasV2/Lego Chritsmas
-logFile
Logs/AssetImportWorker0.log
-srvPort
59761
Successfully changed project path to: C:/Users/epicg/Documents/GitHub/ChristmasV2/Lego Chritsmas
C:/Users/epicg/Documents/GitHub/ChristmasV2/Lego Chritsmas
[UnityMemory] Configuration Parameters - Can be set up in boot.config
    "memorysetup-bucket-allocator-granularity=16"
    "memorysetup-bucket-allocator-bucket-count=8"
    "memorysetup-bucket-allocator-block-size=33554432"
    "memorysetup-bucket-allocator-block-count=8"
    "memorysetup-main-allocator-block-size=16777216"
    "memorysetup-thread-allocator-block-size=16777216"
    "memorysetup-gfx-main-allocator-block-size=16777216"
    "memorysetup-gfx-thread-allocator-block-size=16777216"
    "memorysetup-cache-allocator-block-size=4194304"
    "memorysetup-typetree-allocator-block-size=2097152"
    "memorysetup-profiler-bucket-allocator-granularity=16"
    "memorysetup-profiler-bucket-allocator-bucket-count=8"
    "memorysetup-profiler-bucket-allocator-block-size=33554432"
    "memorysetup-profiler-bucket-allocator-block-count=8"
    "memorysetup-profiler-allocator-block-size=16777216"
    "memorysetup-profiler-editor-allocator-block-size=1048576"
    "memorysetup-temp-allocator-size-main=16777216"
    "memorysetup-job-temp-allocator-block-size=2097152"
    "memorysetup-job-temp-allocator-block-size-background=1048576"
    "memorysetup-job-temp-allocator-reduction-small-platforms=262144"
    "memorysetup-temp-allocator-size-background-worker=32768"
    "memorysetup-temp-allocator-size-job-worker=262144"
    "memorysetup-temp-allocator-size-preload-manager=33554432"
    "memorysetup-temp-allocator-size-nav-mesh-worker=65536"
    "memorysetup-temp-allocator-size-audio-worker=65536"
    "memorysetup-temp-allocator-size-cloud-worker=32768"
    "memorysetup-temp-allocator-size-gi-baking-worker=262144"
    "memorysetup-temp-allocator-size-gfx=262144"
Refreshing native plugins compatible for Editor in 232.99 ms, found 3 plugins.
Preloading 0 native plugins for Editor in 0.00 ms.
Initialize engine version: 2022.1.16f1 (7321c9670bc2)
[Subsystems] Discovering subsystems at path C:/Program Files/Unity/Hub/Editor/2022.1.16f1/Editor/Data/Resources/UnitySubsystems
[Subsystems] Discovering subsystems at path C:/Users/epicg/Documents/GitHub/ChristmasV2/Lego Chritsmas/Assets
GfxDevice: creating device client; threaded=0; jobified=0
Direct3D:
    Version:  Direct3D 11.0 [level 11.1]
    Renderer: NVIDIA GeForce RTX 3060 (ID=0x2504)
    Vendor:   NVIDIA
    VRAM:     12129 MB
    Driver:   31.0.15.4617
Initialize mono
Mono path[0] = 'C:/Program Files/Unity/Hub/Editor/2022.1.16f1/Editor/Data/Managed'
Mono path[1] = 'C:/Program Files/Unity/Hub/Editor/2022.1.16f1/Editor/Data/MonoBleedingEdge/lib/mono/unityjit-win32'
Mono config path = 'C:/Program Files/Unity/Hub/Editor/2022.1.16f1/Editor/Data/MonoBleedingEdge/etc'
Using monoOptions --debugger-agent=transport=dt_socket,embedding=1,server=y,suspend=n,address=127.0.0.1:56872
Begin MonoManager ReloadAssembly
Registering precompiled unity dll's ...
Register platform support module: C:/Program Files/Unity/Hub/Editor/2022.1.16f1/Editor/Data/PlaybackEngines/WebGLSupport/UnityEditor.WebGL.Extensions.dll
Register platform support module: C:/Program Files/Unity/Hub/Editor/2022.1.16f1/Editor/Data/PlaybackEngines/WindowsStandaloneSupport/UnityEditor.WindowsStandalone.Extensions.dll
Registered in 0.015339 seconds.
Native extension for WindowsStandalone target not found
Native extension for WebGL target not found
Refreshing native plugins compatible for Editor in 140.55 ms, found 3 plugins.
Preloading 0 native plugins for Editor in 0.00 ms.
Mono: successfully reloaded assembly
- Completed reload, in  0.776 seconds
Domain Reload Profiling:
	ReloadAssembly (776ms)
		BeginReloadAssembly (121ms)
			ExecutionOrderSort (0ms)
			DisableScriptedObjects (0ms)
			BackupInstance (0ms)
			ReleaseScriptingObjects (0ms)
			CreateAndSetChildDomain (1ms)
		EndReloadAssembly (541ms)
			LoadAssemblies (120ms)
			RebuildTransferFunctionScriptingTraits (0ms)
			SetupTypeCache (118ms)
				TypeCache.Initialize (118ms)
					TypeCache.ScanAssembly (116ms)
				ResolveRequiredComponents (1ms)
			ReleaseScriptCaches (0ms)
			RebuildScriptCaches (27ms)
			SetupLoadedEditorAssemblies (337ms)
				LogAssemblyErrors (0ms)
				InitializePlatformSupportModulesInManaged (10ms)
				SetLoadedEditorAssemblies (6ms)
				RefreshPlugins (141ms)
				BeforeProcessingInitializeOnLoad (2ms)
				ProcessInitializeOnLoadAttributes (137ms)
				ProcessInitializeOnLoadMethodAttributes (42ms)
				AfterProcessingInitializeOnLoad (0ms)
				EditorAssembliesLoaded (0ms)
			ExecutionOrderSort2 (0ms)
			AwakeInstancesAfterBackupRestoration (0ms)
Platform modules already initialized, skipping
Registering precompiled user dll's ...
Registered in 0.011815 seconds.
Begin MonoManager ReloadAssembly
Symbol file LoadedFromMemory doesn't match image C:\Users\epicg\Documents\GitHub\ChristmasV2\Lego Chritsmas\Library\PackageCache\com.unity.visualscripting@1.7.8\Editor\VisualScripting.Core\Dependencies\YamlDotNet\Unity.VisualScripting.YamlDotNet.dll
Symbol file LoadedFromMemory doesn't match image C:\Users\epicg\Documents\GitHub\ChristmasV2\Lego Chritsmas\Library\PackageCache\com.unity.visualscripting@1.7.8\Editor\VisualScripting.Core\Dependencies\DotNetZip\Unity.VisualScripting.IonicZip.dll
Native extension for WindowsStandalone target not found
Native extension for WebGL target not found
Refreshing native plugins compatible for Editor in 152.48 ms, found 3 plugins.
Preloading 0 native plugins for Editor in 0.00 ms.
Mono: successfully reloaded assembly
- Completed reload, in  1.596 seconds
Domain Reload Profiling:
	ReloadAssembly (1596ms)
		BeginReloadAssembly (122ms)
			ExecutionOrderSort (0ms)
			DisableScriptedObjects (5ms)
			BackupInstance (0ms)
			ReleaseScriptingObjects (0ms)
			CreateAndSetChildDomain (25ms)
		EndReloadAssembly (1344ms)
			LoadAssemblies (110ms)
			RebuildTransferFunctionScriptingTraits (0ms)
			SetupTypeCache (339ms)
				TypeCache.Initialize (326ms)
					TypeCache.ScanAssembly (320ms)
				ResolveRequiredComponents (13ms)
			ReleaseScriptCaches (1ms)
			RebuildScriptCaches (74ms)
			SetupLoadedEditorAssemblies (761ms)
				LogAssemblyErrors (0ms)
				InitializePlatformSupportModulesInManaged (7ms)
				SetLoadedEditorAssemblies (6ms)
				RefreshPlugins (153ms)
				BeforeProcessingInitializeOnLoad (152ms)
				ProcessInitializeOnLoadAttributes (353ms)
				ProcessInitializeOnLoadMethodAttributes (81ms)
				AfterProcessingInitializeOnLoad (10ms)
				EditorAssembliesLoaded (0ms)
			ExecutionOrderSort2 (0ms)
			AwakeInstancesAfterBackupRestoration (7ms)
Platform modules already initialized, skipping
========================================================================
Worker process is ready to serve import requests
Launched and connected shader compiler UnityShaderCompiler.exe after 0.07 seconds
Refreshing native plugins compatible for Editor in 4.39 ms, found 3 plugins.
Preloading 0 native plugins for Editor in 0.00 ms.
Unloading 5955 Unused Serialized files (Serialized files now loaded: 0)
Unloading 59 unused Assets / (1.6 MB). Loaded Objects now: 6393.
Memory consumption went from 0.93 GB to 0.93 GB.
Total: 15.254500 ms (FindLiveObjects: 1.083500 ms CreateObjectMapping: 0.854700 ms MarkObjects: 12.471900 ms  DeleteObjects: 0.843000 ms)

AssetImportParameters requested are different than current active one (requested -> active):
  custom:video-decoder-ogg-theora: a1e56fd34408186e4bbccfd4996cb3dc -> 
  custom:container-muxer-webm: aa71ff27fc2769a1b78a27578f13a17b -> 
  custom:container-demuxer-webm: 4f35f7cbe854078d1ac9338744f61a02 -> 
  custom:video-encoder-webm-vp8: eb34c28f22e8b96e1ab97ce403110664 -> 
  custom:audio-encoder-webm-vorbis: bf7c407c2cedff20999df2af8eb42d56 -> 
  custom:framework-win-MediaFoundation: 216162199b28c13a410421893ffa2e32 -> 
  custom:container-demuxer-ogg: 62fdf1f143b41e24485cea50d1cbac27 -> 
  custom:video-decoder-webm-vp8: 9c59270c3fd7afecdb556c50c9e8de78 -> 
  custom:audio-decoder-ogg-vorbis: bf7c407c2cedff20999df2af8eb42d56 -> 
========================================================================
Received Import Request.
  Time since last request: 106431.828237 seconds.
  path: Assets/UniversalRenderPipelineGlobalSettings.asset
  artifactKey: Guid(f29ffd3dad6834af492b737a3c919a1f) Importer(815301076,1909f56bfc062723c751e8b465ee728b)
Start importing Assets/UniversalRenderPipelineGlobalSettings.asset using Guid(f29ffd3dad6834af492b737a3c919a1f) Importer(815301076,1909f56bfc062723c751e8b465ee728b)  -> (artifact id: '6ebe2d2ea633a0cc058bdd301e2d3196') in 0.102291 seconds 
========================================================================
Received Import Request.
  Time since last request: 16.097489 seconds.
  path: Assets/Scenes/SampleScene.unity
  artifactKey: Guid(9fc0d4010bbf28b4594072e72b8655ab) Importer(815301076,1909f56bfc062723c751e8b465ee728b)
Start importing Assets/Scenes/SampleScene.unity using Guid(9fc0d4010bbf28b4594072e72b8655ab) Importer(815301076,1909f56bfc062723c751e8b465ee728b)  -> (artifact id: '5a2d01aeeace1d9c111d27f00507118a') in 0.012849 seconds 
========================================================================
Received Import Request.
  Time since last request: 20.850629 seconds.
  path: Assets/LEGO/Scenes
  artifactKey: Guid(899a26b30c514484da4dd2040041d11a) Importer(815301076,1909f56bfc062723c751e8b465ee728b)
Start importing Assets/LEGO/Scenes using Guid(899a26b30c514484da4dd2040041d11a) Importer(815301076,1909f56bfc062723c751e8b465ee728b)  -> (artifact id: '637cde274f182438a92ec5a033f7e5b1') in 0.009582 seconds 
========================================================================
Received Import Request.
  Time since last request: 3.558120 seconds.
  path: Assets/LEGO/Scenes/Playground.unity
  artifactKey: Guid(11e617b9701224959be0f1b25929294e) Importer(815301076,1909f56bfc062723c751e8b465ee728b)
Start importing Assets/LEGO/Scenes/Playground.unity using Guid(11e617b9701224959be0f1b25929294e) Importer(815301076,1909f56bfc062723c751e8b465ee728b)  -> (artifact id: '295bfcc92463c4ebcd3a184ea06a11f0') in 0.009932 seconds 
========================================================================
Received Import Request.
  Time since last request: 0.401684 seconds.
  path: Assets/LEGO/Scenes/Microgame - The Evil Machine.unity
  artifactKey: Guid(66a08a2144d504052bb8808f5fea43f6) Importer(815301076,1909f56bfc062723c751e8b465ee728b)
Start importing Assets/LEGO/Scenes/Microgame - The Evil Machine.unity using Guid(66a08a2144d504052bb8808f5fea43f6) Importer(815301076,1909f56bfc062723c751e8b465ee728b)  -> (artifact id: '99f2976108f5b08ac145c96785769dfb') in 0.010517 seconds 
========================================================================
Received Import Request.
  Time since last request: 4.300551 seconds.
  path: Assets/AddOns/MgLEGO Gingerbricks Revenge
  artifactKey: Guid(929785373cbdc7c4ca5308fcf2f4f20a) Importer(815301076,1909f56bfc062723c751e8b465ee728b)
Start importing Assets/AddOns/MgLEGO Gingerbricks Revenge using Guid(929785373cbdc7c4ca5308fcf2f4f20a) Importer(815301076,1909f56bfc062723c751e8b465ee728b)  -> (artifact id: '32bd2daf6faecb3b0baee1350f9bdafe') in 0.009447 seconds 
========================================================================
Received Import Request.
  Time since last request: 0.386003 seconds.
  path: Assets/AddOns/MgLEGO Santas Brickshop
  artifactKey: Guid(f5e7ac550200a4504969c8fac5c97e36) Importer(815301076,1909f56bfc062723c751e8b465ee728b)
Start importing Assets/AddOns/MgLEGO Santas Brickshop using Guid(f5e7ac550200a4504969c8fac5c97e36) Importer(815301076,1909f56bfc062723c751e8b465ee728b)  -> (artifact id: '067d4a12bc6378e65e715856e6f69122') in 0.010536 seconds 
========================================================================
Received Import Request.
  Time since last request: 1.456461 seconds.
  path: Assets/AddOns/MgLEGO Santas Brickshop/Scenes
  artifactKey: Guid(192612ee876ad4f138f6decefa5a2f2d) Importer(815301076,1909f56bfc062723c751e8b465ee728b)
Start importing Assets/AddOns/MgLEGO Santas Brickshop/Scenes using Guid(192612ee876ad4f138f6decefa5a2f2d) Importer(815301076,1909f56bfc062723c751e8b465ee728b)  -> (artifact id: '6e04c5ec878e2227fb357d004f220251') in 0.002922 seconds 
========================================================================
Received Import Request.
  Time since last request: 1.848275 seconds.
  path: Assets/AddOns/MgLEGO Santas Brickshop/Scenes/Santas Brickshop.unity
  artifactKey: Guid(acace2a4b11ba4ac98fa2c83830e2d55) Importer(815301076,1909f56bfc062723c751e8b465ee728b)
Start importing Assets/AddOns/MgLEGO Santas Brickshop/Scenes/Santas Brickshop.unity using Guid(acace2a4b11ba4ac98fa2c83830e2d55) Importer(815301076,1909f56bfc062723c751e8b465ee728b)  -> (artifact id: '7b99b493f05c56ab89326e074091d891') in 0.010240 seconds 
========================================================================
Received Import Request.
  Time since last request: 8.758936 seconds.
  path: Assets/AddOns/MgLEGO Gingerbricks Revenge/Scenes
  artifactKey: Guid(3f03d29d09b71c6499b35406edd0ca03) Importer(815301076,1909f56bfc062723c751e8b465ee728b)
Start importing Assets/AddOns/MgLEGO Gingerbricks Revenge/Scenes using Guid(3f03d29d09b71c6499b35406edd0ca03) Importer(815301076,1909f56bfc062723c751e8b465ee728b)  -> (artifact id: 'c825c5f89913cfcd40a18881cf5ec832') in 0.003196 seconds 
========================================================================
Received Import Request.
  Time since last request: 2.226926 seconds.
  path: Assets/AddOns/MgLEGO Gingerbricks Revenge/Scenes/Gingerbricks Revenge.unity
  artifactKey: Guid(a1ddbf0aec830774b950c2f65ef2a1c0) Importer(815301076,1909f56bfc062723c751e8b465ee728b)
Start importing Assets/AddOns/MgLEGO Gingerbricks Revenge/Scenes/Gingerbricks Revenge.unity using Guid(a1ddbf0aec830774b950c2f65ef2a1c0) Importer(815301076,1909f56bfc062723c751e8b465ee728b)  -> (artifact id: '4b088bf2d0d1bd650583b2eca5db07f1') in 0.012361 seconds 
========================================================================
Received Prepare
Registering precompiled user dll's ...
Registered in 0.009825 seconds.
Begin MonoManager ReloadAssembly
Symbol file LoadedFromMemory doesn't match image C:\Users\epicg\Documents\GitHub\ChristmasV2\Lego Chritsmas\Library\PackageCache\com.unity.visualscripting@1.7.8\Editor\VisualScripting.Core\Dependencies\YamlDotNet\Unity.VisualScripting.YamlDotNet.dll
Symbol file LoadedFromMemory doesn't match image C:\Users\epicg\Documents\GitHub\ChristmasV2\Lego Chritsmas\Library\PackageCache\com.unity.visualscripting@1.7.8\Editor\VisualScripting.Core\Dependencies\DotNetZip\Unity.VisualScripting.IonicZip.dll
Native extension for WindowsStandalone target not found
Native extension for WebGL target not found
Refreshing native plugins compatible for Editor in 1.54 ms, found 3 plugins.
Preloading 0 native plugins for Editor in 0.00 ms.
Mono: successfully reloaded assembly
- Completed reload, in  1.257 seconds
Domain Reload Profiling:
	ReloadAssembly (1258ms)
		BeginReloadAssembly (139ms)
			ExecutionOrderSort (0ms)
			DisableScriptedObjects (4ms)
			BackupInstance (0ms)
			ReleaseScriptingObjects (0ms)
			CreateAndSetChildDomain (49ms)
		EndReloadAssembly (1023ms)
			LoadAssemblies (98ms)
			RebuildTransferFunctionScriptingTraits (0ms)
			SetupTypeCache (308ms)
				TypeCache.Initialize (294ms)
					TypeCache.ScanAssembly (286ms)
				ResolveRequiredComponents (14ms)
			ReleaseScriptCaches (3ms)
			RebuildScriptCaches (63ms)
			SetupLoadedEditorAssemblies (485ms)
				LogAssemblyErrors (0ms)
				InitializePlatformSupportModulesInManaged (13ms)
				SetLoadedEditorAssemblies (5ms)
				RefreshPlugins (2ms)
				BeforeProcessingInitializeOnLoad (103ms)
				ProcessInitializeOnLoadAttributes (281ms)
				ProcessInitializeOnLoadMethodAttributes (72ms)
				AfterProcessingInitializeOnLoad (9ms)
				EditorAssembliesLoaded (0ms)
			ExecutionOrderSort2 (0ms)
			AwakeInstancesAfterBackupRestoration (8ms)
Platform modules already initialized, skipping
Refreshing native plugins compatible for Editor in 6.15 ms, found 3 plugins.
Preloading 0 native plugins for Editor in 0.00 ms.
Unloading 5790 Unused Serialized files (Serialized files now loaded: 0)
Unloading 40 unused Assets / (1.6 MB). Loaded Objects now: 6410.
Memory consumption went from 0.90 GB to 0.90 GB.
Total: 7.023000 ms (FindLiveObjects: 0.816400 ms CreateObjectMapping: 0.569300 ms MarkObjects: 5.174800 ms  DeleteObjects: 0.461400 ms)

AssetImportParameters requested are different than current active one (requested -> active):
  custom:video-decoder-ogg-theora: a1e56fd34408186e4bbccfd4996cb3dc -> 
  custom:container-muxer-webm: aa71ff27fc2769a1b78a27578f13a17b -> 
  custom:container-demuxer-webm: 4f35f7cbe854078d1ac9338744f61a02 -> 
  custom:video-encoder-webm-vp8: eb34c28f22e8b96e1ab97ce403110664 -> 
  custom:audio-encoder-webm-vorbis: bf7c407c2cedff20999df2af8eb42d56 -> 
  custom:framework-win-MediaFoundation: 216162199b28c13a410421893ffa2e32 -> 
  custom:container-demuxer-ogg: 62fdf1f143b41e24485cea50d1cbac27 -> 
  custom:video-decoder-webm-vp8: 9c59270c3fd7afecdb556c50c9e8de78 -> 
  custom:audio-decoder-ogg-vorbis: bf7c407c2cedff20999df2af8eb42d56 -> 
